[1C40:0F40][2025-11-18T00:16:52]i001: Burn v3.14.1.8722, Windows v10.0 (Build 20348: Service Pack 0), path: C:\Users\admin\AppData\Local\Temp\2\{9F1E3C16-69E1-4D15-A3FB-1EC167BD735A}\.cr\python-3.13.9-amd64.exe
[1C40:0F40][2025-11-18T00:16:52]i000: Initializing string variable 'ActionLikeInstalling' to value 'Installing'
[1C40:0F40][2025-11-18T00:16:52]i000: Initializing string variable 'ActionLikeInstallation' to value 'Setup'
[1C40:0F40][2025-11-18T00:16:52]i000: Initializing string variable 'ShortVersion' to value '3.13'
[1C40:0F40][2025-11-18T00:16:52]i000: Initializing numeric variable 'ShortVersionNoDot' to value '313'
[1C40:0F40][2025-11-18T00:16:52]i000: Initializing string variable 'WinVer' to value '3.13'
[1C40:0F40][2025-11-18T00:16:52]i000: Initializing numeric variable 'WinVerNoDot' to value '313'
[1C40:0F40][2025-11-18T00:16:52]i000: Initializing numeric variable 'InstallAllUsers' to value '0'
[1C40:0F40][2025-11-18T00:16:52]i000: Initializing numeric variable 'InstallLauncherAllUsers' to value '-1'
[1C40:0F40][2025-11-18T00:16:52]i000: Initializing string variable 'TargetDir' to value ''
[1C40:0F40][2025-11-18T00:16:52]i000: Initializing string variable 'DefaultAllUsersTargetDir' to value '[ProgramFiles64Folder]Python[WinVerNoDot]'
[1C40:0F40][2025-11-18T00:16:52]i000: Initializing string variable 'TargetPlatform' to value 'x64'
[1C40:0F40][2025-11-18T00:16:52]i000: Initializing string variable 'DefaultJustForMeTargetDir' to value '[LocalAppDataFolder]Programs\Python\Python[WinVerNoDot]'
[1C40:0F40][2025-11-18T00:16:52]i000: Initializing string variable 'OptionalFeaturesRegistryKey' to value 'Software\Python\PythonCore\[WinVer]\InstalledFeatures'
[1C40:0F40][2025-11-18T00:16:52]i000: Initializing string variable 'TargetDirRegistryKey' to value 'Software\Python\PythonCore\[WinVer]\InstallPath'
[1C40:0F40][2025-11-18T00:16:52]i000: Initializing string variable 'DefaultCustomTargetDir' to value ''
[1C40:0F40][2025-11-18T00:16:52]i000: Initializing string variable 'InstallAllUsersState' to value 'enabled'
[1C40:0F40][2025-11-18T00:16:52]i000: Initializing string variable 'InstallLauncherAllUsersState' to value 'enabled'
[1C40:0F40][2025-11-18T00:16:52]i000: Initializing string variable 'CustomInstallLauncherAllUsersState' to value '[InstallLauncherAllUsersState]'
[1C40:0F40][2025-11-18T00:16:52]i000: Initializing string variable 'TargetDirState' to value 'enabled'
[1C40:0F40][2025-11-18T00:16:52]i000: Initializing string variable 'CustomBrowseButtonState' to value 'enabled'
[1C40:0F40][2025-11-18T00:16:52]i000: Initializing numeric variable 'Include_core' to value '1'
[1C40:0F40][2025-11-18T00:16:52]i000: Initializing numeric variable 'Include_exe' to value '1'
[1C40:0F40][2025-11-18T00:16:52]i000: Initializing numeric variable 'Include_dev' to value '1'
[1C40:0F40][2025-11-18T00:16:52]i000: Initializing numeric variable 'Include_lib' to value '1'
[1C40:0F40][2025-11-18T00:16:52]i000: Initializing numeric variable 'Include_test' to value '1'
[1C40:0F40][2025-11-18T00:16:52]i000: Initializing numeric variable 'Include_doc' to value '1'
[1C40:0F40][2025-11-18T00:16:52]i000: Initializing numeric variable 'Include_tools' to value '0'
[1C40:0F40][2025-11-18T00:16:52]i000: Initializing numeric variable 'Include_tcltk' to value '1'
[1C40:0F40][2025-11-18T00:16:52]i000: Initializing numeric variable 'Include_pip' to value '1'
[1C40:0F40][2025-11-18T00:16:52]i000: Initializing numeric variable 'Include_launcher' to value '-1'
[1C40:0F40][2025-11-18T00:16:52]i000: Initializing string variable 'Include_launcherState' to value 'enabled'
[1C40:0F40][2025-11-18T00:16:52]i000: Initializing numeric variable 'Include_symbols' to value '0'
[1C40:0F40][2025-11-18T00:16:52]i000: Initializing numeric variable 'Include_debug' to value '0'
[1C40:0F40][2025-11-18T00:16:52]i000: Initializing numeric variable 'Include_freethreaded' to value '0'
[1C40:0F40][2025-11-18T00:16:52]i000: Initializing string variable 'Include_freethreadedState' to value 'enabled'
[1C40:0F40][2025-11-18T00:16:52]i000: Initializing numeric variable 'LauncherOnly' to value '0'
[1C40:0F40][2025-11-18T00:16:52]i000: Initializing numeric variable 'BlockedLauncher' to value '0'
[1C40:0F40][2025-11-18T00:16:52]i000: Initializing numeric variable 'DetectedLauncher' to value '0'
[1C40:0F40][2025-11-18T00:16:52]i000: Initializing numeric variable 'DetectedOldLauncher' to value '0'
[1C40:0F40][2025-11-18T00:16:52]i000: Initializing numeric variable 'AssociateFiles' to value '-1'
[1C40:0F40][2025-11-18T00:16:52]i000: Initializing numeric variable 'Shortcuts' to value '1'
[1C40:0F40][2025-11-18T00:16:52]i000: Initializing numeric variable 'PrependPath' to value '0'
[1C40:0F40][2025-11-18T00:16:52]i000: Initializing numeric variable 'AppendPath' to value '0'
[1C40:0F40][2025-11-18T00:16:52]i000: Initializing numeric variable 'CompileAll' to value '0'
[1C40:0F40][2025-11-18T00:16:52]i000: Initializing numeric variable 'SimpleInstall' to value '0'
[1C40:0F40][2025-11-18T00:16:52]i000: Initializing string variable 'SimpleInstallDescription' to value ''
[1C40:0F40][2025-11-18T00:16:52]i009: Command Line: '-burn.clean.room=C:\Users\admin\Downloads\python-3.13.9-amd64.exe -burn.filehandle.attached=728 -burn.filehandle.self=732'
[1C40:0F40][2025-11-18T00:16:52]i000: Setting string variable 'WixBundleOriginalSource' to value 'C:\Users\admin\Downloads\python-3.13.9-amd64.exe'
[1C40:0F40][2025-11-18T00:16:52]i000: Setting string variable 'WixBundleOriginalSourceFolder' to value 'C:\Users\admin\Downloads\'
[1C40:0F40][2025-11-18T00:16:52]i000: Setting string variable 'WixBundleLog' to value 'C:\Users\admin\AppData\Local\Temp\Python 3.13.9 (64-bit)_20251118001652.log'
[1C40:0F40][2025-11-18T00:16:52]i000: Setting string variable 'WixBundleName' to value 'Python 3.13.9 (64-bit)'
[1C40:0F40][2025-11-18T00:16:52]i000: Setting string variable 'WixBundleManufacturer' to value 'Python Software Foundation'
[1C40:0F40][2025-11-18T00:16:53]i000: Setting numeric variable 'CRTInstalled' to value 1
[1C40:1D04][2025-11-18T00:16:53]i000: Did not find C:\Users\admin\Downloads\unattend.xml
[1C40:1D04][2025-11-18T00:16:53]i000: Setting string variable 'ActionLikeInstalling' to value 'Installing'
[1C40:1D04][2025-11-18T00:16:53]i000: Setting string variable 'ActionLikeInstallation' to value 'Setup'
[1C40:1D04][2025-11-18T00:16:53]i000: Setting version variable 'WixBundleFileVersion' to value '3.13.9150.0'
[1C40:1D04][2025-11-18T00:16:53]i000: Target OS is Windows Server 2012 or later
[1C40:0F40][2025-11-18T00:16:53]i100: Detect begin, 58 packages
[1C40:0F40][2025-11-18T00:16:53]i101: Detected package: core_AllUsers, state: Absent, cached: None
[1C40:0F40][2025-11-18T00:16:53]i101: Detected package: core_AllUsers_pdb, state: Absent, cached: None
[1C40:0F40][2025-11-18T00:16:53]i101: Detected package: core_AllUsers_d, state: Absent, cached: None
[1C40:0F40][2025-11-18T00:16:53]i101: Detected package: core_JustForMe, state: Absent, cached: None
[1C40:0F40][2025-11-18T00:16:53]i101: Detected package: core_JustForMe_pdb, state: Absent, cached: None
[1C40:0F40][2025-11-18T00:16:53]i101: Detected package: core_JustForMe_d, state: Absent, cached: None
[1C40:0F40][2025-11-18T00:16:53]i101: Detected package: exe_AllUsers, state: Absent, cached: None
[1C40:0F40][2025-11-18T00:16:53]i104: Detected package: exe_AllUsers, feature: DefaultFeature, state: Absent
[1C40:0F40][2025-11-18T00:16:53]i104: Detected package: exe_AllUsers, feature: Shortcuts, state: Absent
[1C40:0F40][2025-11-18T00:16:53]i101: Detected package: exe_AllUsers_pdb, state: Absent, cached: None
[1C40:0F40][2025-11-18T00:16:53]i101: Detected package: exe_AllUsers_d, state: Absent, cached: None
[1C40:0F40][2025-11-18T00:16:53]i101: Detected package: exe_JustForMe, state: Absent, cached: None
[1C40:0F40][2025-11-18T00:16:53]i104: Detected package: exe_JustForMe, feature: DefaultFeature, state: Absent
[1C40:0F40][2025-11-18T00:16:53]i104: Detected package: exe_JustForMe, feature: Shortcuts, state: Absent
[1C40:0F40][2025-11-18T00:16:53]i101: Detected package: exe_JustForMe_pdb, state: Absent, cached: None
[1C40:0F40][2025-11-18T00:16:53]i101: Detected package: exe_JustForMe_d, state: Absent, cached: None
[1C40:0F40][2025-11-18T00:16:53]i101: Detected package: ucrt_AllUsers, state: Absent, cached: None
[1C40:0F40][2025-11-18T00:16:53]i101: Detected package: ucrt_JustForMe, state: Absent, cached: None
[1C40:0F40][2025-11-18T00:16:53]i101: Detected package: dev_AllUsers, state: Absent, cached: None
[1C40:0F40][2025-11-18T00:16:53]i101: Detected package: dev_AllUsers_d, state: Absent, cached: None
[1C40:0F40][2025-11-18T00:16:53]i101: Detected package: dev_JustForMe, state: Absent, cached: None
[1C40:0F40][2025-11-18T00:16:53]i101: Detected package: dev_JustForMe_d, state: Absent, cached: None
[1C40:0F40][2025-11-18T00:16:53]i101: Detected package: lib_AllUsers, state: Absent, cached: None
[1C40:0F40][2025-11-18T00:16:53]i101: Detected package: lib_AllUsers_pdb, state: Absent, cached: None
[1C40:0F40][2025-11-18T00:16:53]i101: Detected package: lib_AllUsers_d, state: Absent, cached: None
[1C40:0F40][2025-11-18T00:16:53]i101: Detected package: lib_JustForMe, state: Absent, cached: None
[1C40:0F40][2025-11-18T00:16:53]i101: Detected package: lib_JustForMe_pdb, state: Absent, cached: None
[1C40:0F40][2025-11-18T00:16:53]i101: Detected package: lib_JustForMe_d, state: Absent, cached: None
[1C40:0F40][2025-11-18T00:16:53]i101: Detected package: freethreaded_AllUsers, state: Absent, cached: None
[1C40:0F40][2025-11-18T00:16:53]i101: Detected package: freethreaded_AllUsers_pdb, state: Absent, cached: None
[1C40:0F40][2025-11-18T00:16:53]i101: Detected package: freethreaded_AllUsers_d, state: Absent, cached: None
[1C40:0F40][2025-11-18T00:16:53]i101: Detected package: freethreaded_JustForMe, state: Absent, cached: None
[1C40:0F40][2025-11-18T00:16:53]i101: Detected package: freethreaded_JustForMe_pdb, state: Absent, cached: None
[1C40:0F40][2025-11-18T00:16:53]i101: Detected package: freethreaded_JustForMe_d, state: Absent, cached: None
[1C40:0F40][2025-11-18T00:16:53]i101: Detected package: test_AllUsers, state: Absent, cached: None
[1C40:0F40][2025-11-18T00:16:53]i101: Detected package: test_AllUsers_pdb, state: Absent, cached: None
[1C40:0F40][2025-11-18T00:16:53]i101: Detected package: test_AllUsers_d, state: Absent, cached: None
[1C40:0F40][2025-11-18T00:16:53]i101: Detected package: test_JustForMe, state: Absent, cached: None
[1C40:0F40][2025-11-18T00:16:53]i101: Detected package: test_JustForMe_pdb, state: Absent, cached: None
[1C40:0F40][2025-11-18T00:16:53]i101: Detected package: test_JustForMe_d, state: Absent, cached: None
[1C40:0F40][2025-11-18T00:16:53]i101: Detected package: doc_AllUsers, state: Absent, cached: None
[1C40:0F40][2025-11-18T00:16:53]i104: Detected package: doc_AllUsers, feature: DefaultFeature, state: Absent
[1C40:0F40][2025-11-18T00:16:53]i104: Detected package: doc_AllUsers, feature: Shortcuts, state: Absent
[1C40:0F40][2025-11-18T00:16:53]i101: Detected package: doc_JustForMe, state: Absent, cached: None
[1C40:0F40][2025-11-18T00:16:53]i104: Detected package: doc_JustForMe, feature: DefaultFeature, state: Absent
[1C40:0F40][2025-11-18T00:16:53]i104: Detected package: doc_JustForMe, feature: Shortcuts, state: Absent
[1C40:0F40][2025-11-18T00:16:53]i101: Detected package: tcltk_AllUsers, state: Absent, cached: None
[1C40:0F40][2025-11-18T00:16:53]i104: Detected package: tcltk_AllUsers, feature: DefaultFeature, state: Absent
[1C40:0F40][2025-11-18T00:16:53]i104: Detected package: tcltk_AllUsers, feature: AssociateFiles, state: Absent
[1C40:0F40][2025-11-18T00:16:53]i104: Detected package: tcltk_AllUsers, feature: Shortcuts, state: Absent
[1C40:0F40][2025-11-18T00:16:53]i101: Detected package: tcltk_AllUsers_pdb, state: Absent, cached: None
[1C40:0F40][2025-11-18T00:16:53]i104: Detected package: tcltk_AllUsers_pdb, feature: Symbols, state: Absent
[1C40:0F40][2025-11-18T00:16:53]i101: Detected package: tcltk_AllUsers_d, state: Absent, cached: None
[1C40:0F40][2025-11-18T00:16:53]i104: Detected package: tcltk_AllUsers_d, feature: DebugBinaries, state: Absent
[1C40:0F40][2025-11-18T00:16:53]i101: Detected package: tcltk_JustForMe, state: Absent, cached: Complete
[1C40:0F40][2025-11-18T00:16:53]i104: Detected package: tcltk_JustForMe, feature: DefaultFeature, state: Absent
[1C40:0F40][2025-11-18T00:16:53]i104: Detected package: tcltk_JustForMe, feature: AssociateFiles, state: Absent
[1C40:0F40][2025-11-18T00:16:53]i104: Detected package: tcltk_JustForMe, feature: Shortcuts, state: Absent
[1C40:0F40][2025-11-18T00:16:53]i101: Detected package: tcltk_JustForMe_pdb, state: Absent, cached: None
[1C40:0F40][2025-11-18T00:16:53]i104: Detected package: tcltk_JustForMe_pdb, feature: Symbols, state: Absent
[1C40:0F40][2025-11-18T00:16:53]i101: Detected package: tcltk_JustForMe_d, state: Absent, cached: None
[1C40:0F40][2025-11-18T00:16:53]i104: Detected package: tcltk_JustForMe_d, feature: DebugBinaries, state: Absent
[1C40:0F40][2025-11-18T00:16:53]i101: Detected package: launcher_AllUsers, state: Absent, cached: Complete
[1C40:0F40][2025-11-18T00:16:53]i104: Detected package: launcher_AllUsers, feature: DefaultFeature, state: Absent
[1C40:0F40][2025-11-18T00:16:53]i104: Detected package: launcher_AllUsers, feature: AssociateFiles, state: Absent
[1C40:0F40][2025-11-18T00:16:53]i101: Detected package: launcher_JustForMe, state: Absent, cached: Complete
[1C40:0F40][2025-11-18T00:16:53]i104: Detected package: launcher_JustForMe, feature: DefaultFeature, state: Absent
[1C40:0F40][2025-11-18T00:16:53]i104: Detected package: launcher_JustForMe, feature: AssociateFiles, state: Absent
[1C40:0F40][2025-11-18T00:16:53]i101: Detected package: pip_AllUsers, state: Absent, cached: None
[1C40:0F40][2025-11-18T00:16:53]i101: Detected package: pip_JustForMe, state: Absent, cached: Complete
[1C40:0F40][2025-11-18T00:16:53]i101: Detected package: path_AllUsers, state: Absent, cached: None
[1C40:0F40][2025-11-18T00:16:53]i101: Detected package: path_JustForMe, state: Absent, cached: Complete
[1C40:0F40][2025-11-18T00:16:53]i101: Detected package: appendpath_AllUsers, state: Absent, cached: None
[1C40:0F40][2025-11-18T00:16:53]i101: Detected package: appendpath_JustForMe, state: Absent, cached: None
[1C40:0F40][2025-11-18T00:16:53]i101: Detected package: compileall_AllUsers, state: Absent, cached: None
[1C40:0F40][2025-11-18T00:16:53]i101: Detected package: compileallO_AllUsers, state: Absent, cached: None
[1C40:0F40][2025-11-18T00:16:53]i101: Detected package: compileallOO_AllUsers, state: Absent, cached: None
[1C40:0F40][2025-11-18T00:16:53]i101: Detected package: compileall_JustForMe, state: Absent, cached: None
[1C40:0F40][2025-11-18T00:16:53]i101: Detected package: compileallO_JustForMe, state: Absent, cached: None
[1C40:0F40][2025-11-18T00:16:53]i101: Detected package: compileallOO_JustForMe, state: Absent, cached: None
[1C40:0F40][2025-11-18T00:16:53]i000: Setting numeric variable 'InstallLauncherAllUsers' to value 0
[1C40:0F40][2025-11-18T00:16:53]i000: Setting numeric variable 'Include_launcher' to value 1
[1C40:0F40][2025-11-18T00:16:53]i000: Setting numeric variable 'AssociateFiles' to value -1
[1C40:0F40][2025-11-18T00:16:53]i000: Setting string variable 'TargetDir' to value 'C:\Users\admin\AppData\Local\Programs\Python\Python313'
[1C40:0F40][2025-11-18T00:16:53]i199: Detect complete, result: 0x0
[1C40:1D04][2025-11-18T00:16:53]i052: Condition 'not WixBundleElevated and (InstallAllUsers or (Include_launcher and InstallLauncherAllUsers and not BlockedLauncher))' evaluates to false.
[1C40:1D04][2025-11-18T00:16:54]i000: Setting numeric variable 'InstallLauncherAllUsers' to value 1
[1C40:1D04][2025-11-18T00:16:54]i052: Condition 'not WixBundleElevated and (InstallAllUsers or (Include_launcher and InstallLauncherAllUsers and not BlockedLauncher))' evaluates to true.
[1C40:1D04][2025-11-18T00:16:56]i000: Setting numeric variable 'InstallLauncherAllUsers' to value 1
[1C40:1D04][2025-11-18T00:16:56]i000: Setting numeric variable 'PrependPath' to value 1
[1C40:1D04][2025-11-18T00:16:56]i000: Setting numeric variable 'CompileAll' to value 0
[1C40:1D04][2025-11-18T00:16:56]i000: Setting string variable 'ActionLikeInstalling' to value 'Installing'
[1C40:1D04][2025-11-18T00:16:56]i000: Setting string variable 'ActionLikeInstallation' to value 'Setup'
[1C40:0F40][2025-11-18T00:16:56]i200: Plan begin, 58 packages, action: Install
[1C40:0F40][2025-11-18T00:16:56]i052: Condition 'InstallAllUsers and (Include_core or Include_exe or Include_launcher or Include_pip) and not LauncherOnly' evaluates to false.
[1C40:0F40][2025-11-18T00:16:56]i052: Condition 'InstallAllUsers and (Include_core or Include_exe or Include_launcher or Include_pip) and not LauncherOnly' evaluates to false.
[1C40:0F40][2025-11-18T00:16:56]w322: Skipping cross-scope dependency registration on package: core_AllUsers, bundle scope: PerUser, package scope: PerMachine
[1C40:0F40][2025-11-18T00:16:56]i052: Condition 'InstallAllUsers and (Include_core or Include_exe or Include_launcher or Include_pip) and Include_symbols and not LauncherOnly' evaluates to false.
[1C40:0F40][2025-11-18T00:16:56]i052: Condition 'InstallAllUsers and (Include_core or Include_exe or Include_launcher or Include_pip) and Include_symbols and not LauncherOnly' evaluates to false.
[1C40:0F40][2025-11-18T00:16:56]w322: Skipping cross-scope dependency registration on package: core_AllUsers_pdb, bundle scope: PerUser, package scope: PerMachine
[1C40:0F40][2025-11-18T00:16:56]i052: Condition 'InstallAllUsers and (Include_core or Include_exe or Include_launcher or Include_pip) and Include_debug and not LauncherOnly' evaluates to false.
[1C40:0F40][2025-11-18T00:16:56]i052: Condition 'InstallAllUsers and (Include_core or Include_exe or Include_launcher or Include_pip) and Include_debug and not LauncherOnly' evaluates to false.
[1C40:0F40][2025-11-18T00:16:56]w322: Skipping cross-scope dependency registration on package: core_AllUsers_d, bundle scope: PerUser, package scope: PerMachine
[1C40:0F40][2025-11-18T00:16:56]i052: Condition 'not InstallAllUsers and (Include_core or Include_exe or Include_launcher or Include_pip) and not LauncherOnly' evaluates to true.
[1C40:0F40][2025-11-18T00:16:56]i052: Condition 'not InstallAllUsers and (Include_core or Include_exe or Include_launcher or Include_pip) and not LauncherOnly' evaluates to true.
[1C40:0F40][2025-11-18T00:16:56]i000: Setting string variable 'WixBundleRollbackLog_core_JustForMe' to value 'C:\Users\admin\AppData\Local\Temp\Python 3.13.9 (64-bit)_20251118001652_000_core_JustForMe_rollback.log'
[1C40:0F40][2025-11-18T00:16:56]i000: Setting string variable 'WixBundleLog_core_JustForMe' to value 'C:\Users\admin\AppData\Local\Temp\Python 3.13.9 (64-bit)_20251118001652_000_core_JustForMe.log'
[1C40:0F40][2025-11-18T00:16:56]i052: Condition 'not InstallAllUsers and (Include_core or Include_exe or Include_launcher or Include_pip) and Include_symbols and not LauncherOnly' evaluates to false.
[1C40:0F40][2025-11-18T00:16:56]i052: Condition 'not InstallAllUsers and (Include_core or Include_exe or Include_launcher or Include_pip) and Include_symbols and not LauncherOnly' evaluates to false.
[1C40:0F40][2025-11-18T00:16:56]i052: Condition 'not InstallAllUsers and (Include_core or Include_exe or Include_launcher or Include_pip) and Include_debug and not LauncherOnly' evaluates to false.
[1C40:0F40][2025-11-18T00:16:56]i052: Condition 'not InstallAllUsers and (Include_core or Include_exe or Include_launcher or Include_pip) and Include_debug and not LauncherOnly' evaluates to false.
[1C40:0F40][2025-11-18T00:16:56]i052: Condition 'InstallAllUsers and (Include_exe or Include_launcher or Include_pip) and not LauncherOnly' evaluates to false.
[1C40:0F40][2025-11-18T00:16:56]i052: Condition 'InstallAllUsers and (Include_exe or Include_launcher or Include_pip) and not LauncherOnly' evaluates to false.
[1C40:0F40][2025-11-18T00:16:56]i204: Plan 2 msi features for package: exe_AllUsers
[1C40:0F40][2025-11-18T00:16:56]i203: Planned feature: DefaultFeature, state: Absent, default requested: Unknown, ba requested: Local, execute action: AddLocal, rollback action: Remove
[1C40:0F40][2025-11-18T00:16:56]i203: Planned feature: Shortcuts, state: Absent, default requested: Unknown, ba requested: Local, execute action: AddLocal, rollback action: Remove
[1C40:0F40][2025-11-18T00:16:56]w322: Skipping cross-scope dependency registration on package: exe_AllUsers, bundle scope: PerUser, package scope: PerMachine
[1C40:0F40][2025-11-18T00:16:56]i052: Condition 'InstallAllUsers and (Include_exe or Include_launcher or Include_pip) and Include_symbols and not LauncherOnly' evaluates to false.
[1C40:0F40][2025-11-18T00:16:56]i052: Condition 'InstallAllUsers and (Include_exe or Include_launcher or Include_pip) and Include_symbols and not LauncherOnly' evaluates to false.
[1C40:0F40][2025-11-18T00:16:56]w322: Skipping cross-scope dependency registration on package: exe_AllUsers_pdb, bundle scope: PerUser, package scope: PerMachine
[1C40:0F40][2025-11-18T00:16:56]i052: Condition 'InstallAllUsers and (Include_exe or Include_launcher or Include_pip) and Include_debug and not LauncherOnly' evaluates to false.
[1C40:0F40][2025-11-18T00:16:56]i052: Condition 'InstallAllUsers and (Include_exe or Include_launcher or Include_pip) and Include_debug and not LauncherOnly' evaluates to false.
[1C40:0F40][2025-11-18T00:16:56]w322: Skipping cross-scope dependency registration on package: exe_AllUsers_d, bundle scope: PerUser, package scope: PerMachine
[1C40:0F40][2025-11-18T00:16:56]i052: Condition 'not InstallAllUsers and (Include_exe or Include_launcher or Include_pip) and not LauncherOnly' evaluates to true.
[1C40:0F40][2025-11-18T00:16:56]i052: Condition 'not InstallAllUsers and (Include_exe or Include_launcher or Include_pip) and not LauncherOnly' evaluates to true.
[1C40:0F40][2025-11-18T00:16:56]i204: Plan 2 msi features for package: exe_JustForMe
[1C40:0F40][2025-11-18T00:16:56]i203: Planned feature: DefaultFeature, state: Absent, default requested: Unknown, ba requested: Local, execute action: AddLocal, rollback action: Remove
[1C40:0F40][2025-11-18T00:16:56]i203: Planned feature: Shortcuts, state: Absent, default requested: Unknown, ba requested: Local, execute action: AddLocal, rollback action: Remove
[1C40:0F40][2025-11-18T00:16:56]i000: Setting string variable 'WixBundleRollbackLog_exe_JustForMe' to value 'C:\Users\admin\AppData\Local\Temp\Python 3.13.9 (64-bit)_20251118001652_001_exe_JustForMe_rollback.log'
[1C40:0F40][2025-11-18T00:16:56]i000: Setting string variable 'WixBundleLog_exe_JustForMe' to value 'C:\Users\admin\AppData\Local\Temp\Python 3.13.9 (64-bit)_20251118001652_001_exe_JustForMe.log'
[1C40:0F40][2025-11-18T00:16:56]i052: Condition 'not InstallAllUsers and (Include_exe or Include_launcher or Include_pip) and Include_symbols and not LauncherOnly' evaluates to false.
[1C40:0F40][2025-11-18T00:16:56]i052: Condition 'not InstallAllUsers and (Include_exe or Include_launcher or Include_pip) and Include_symbols and not LauncherOnly' evaluates to false.
[1C40:0F40][2025-11-18T00:16:56]i052: Condition 'not InstallAllUsers and (Include_exe or Include_launcher or Include_pip) and Include_debug and not LauncherOnly' evaluates to false.
[1C40:0F40][2025-11-18T00:16:56]i052: Condition 'not InstallAllUsers and (Include_exe or Include_launcher or Include_pip) and Include_debug and not LauncherOnly' evaluates to false.
[1C40:0F40][2025-11-18T00:16:56]i052: Condition 'InstallAllUsers and not CRTInstalled and (Include_core or Include_exe or Include_pip) and not LauncherOnly' evaluates to false.
[1C40:0F40][2025-11-18T00:16:56]i052: Condition 'InstallAllUsers and not CRTInstalled and (Include_core or Include_exe or Include_pip) and not LauncherOnly' evaluates to false.
[1C40:0F40][2025-11-18T00:16:56]w322: Skipping cross-scope dependency registration on package: ucrt_AllUsers, bundle scope: PerUser, package scope: PerMachine
[1C40:0F40][2025-11-18T00:16:56]i052: Condition 'not InstallAllUsers and not CRTInstalled and (Include_core or Include_exe or Include_pip) and not LauncherOnly' evaluates to false.
[1C40:0F40][2025-11-18T00:16:56]i052: Condition 'not InstallAllUsers and not CRTInstalled and (Include_core or Include_exe or Include_pip) and not LauncherOnly' evaluates to false.
[1C40:0F40][2025-11-18T00:16:56]i052: Condition 'InstallAllUsers and Include_dev and not LauncherOnly' evaluates to false.
[1C40:0F40][2025-11-18T00:16:56]i052: Condition 'InstallAllUsers and Include_dev and not LauncherOnly' evaluates to false.
[1C40:0F40][2025-11-18T00:16:56]w322: Skipping cross-scope dependency registration on package: dev_AllUsers, bundle scope: PerUser, package scope: PerMachine
[1C40:0F40][2025-11-18T00:16:56]i052: Condition 'InstallAllUsers and Include_dev and Include_debug and not LauncherOnly' evaluates to false.
[1C40:0F40][2025-11-18T00:16:56]i052: Condition 'InstallAllUsers and Include_dev and Include_debug and not LauncherOnly' evaluates to false.
[1C40:0F40][2025-11-18T00:16:56]w322: Skipping cross-scope dependency registration on package: dev_AllUsers_d, bundle scope: PerUser, package scope: PerMachine
[1C40:0F40][2025-11-18T00:16:56]i052: Condition 'not InstallAllUsers and Include_dev and not LauncherOnly' evaluates to true.
[1C40:0F40][2025-11-18T00:16:56]i052: Condition 'not InstallAllUsers and Include_dev and not LauncherOnly' evaluates to true.
[1C40:0F40][2025-11-18T00:16:56]i000: Setting string variable 'WixBundleRollbackLog_dev_JustForMe' to value 'C:\Users\admin\AppData\Local\Temp\Python 3.13.9 (64-bit)_20251118001652_002_dev_JustForMe_rollback.log'
[1C40:0F40][2025-11-18T00:16:56]i000: Setting string variable 'WixBundleLog_dev_JustForMe' to value 'C:\Users\admin\AppData\Local\Temp\Python 3.13.9 (64-bit)_20251118001652_002_dev_JustForMe.log'
[1C40:0F40][2025-11-18T00:16:56]i052: Condition 'not InstallAllUsers and Include_dev and Include_debug and not LauncherOnly' evaluates to false.
[1C40:0F40][2025-11-18T00:16:56]i052: Condition 'not InstallAllUsers and Include_dev and Include_debug and not LauncherOnly' evaluates to false.
[1C40:0F40][2025-11-18T00:16:56]i052: Condition 'InstallAllUsers and Include_lib and not LauncherOnly' evaluates to false.
[1C40:0F40][2025-11-18T00:16:56]i052: Condition 'InstallAllUsers and Include_lib and not LauncherOnly' evaluates to false.
[1C40:0F40][2025-11-18T00:16:56]w322: Skipping cross-scope dependency registration on package: lib_AllUsers, bundle scope: PerUser, package scope: PerMachine
[1C40:0F40][2025-11-18T00:16:56]i052: Condition 'InstallAllUsers and Include_lib and Include_symbols and not LauncherOnly' evaluates to false.
[1C40:0F40][2025-11-18T00:16:56]i052: Condition 'InstallAllUsers and Include_lib and Include_symbols and not LauncherOnly' evaluates to false.
[1C40:0F40][2025-11-18T00:16:56]w322: Skipping cross-scope dependency registration on package: lib_AllUsers_pdb, bundle scope: PerUser, package scope: PerMachine
[1C40:0F40][2025-11-18T00:16:56]i052: Condition 'InstallAllUsers and Include_lib and Include_debug and not LauncherOnly' evaluates to false.
[1C40:0F40][2025-11-18T00:16:56]i052: Condition 'InstallAllUsers and Include_lib and Include_debug and not LauncherOnly' evaluates to false.
[1C40:0F40][2025-11-18T00:16:56]w322: Skipping cross-scope dependency registration on package: lib_AllUsers_d, bundle scope: PerUser, package scope: PerMachine
[1C40:0F40][2025-11-18T00:16:56]i052: Condition 'not InstallAllUsers and Include_lib and not LauncherOnly' evaluates to true.
[1C40:0F40][2025-11-18T00:16:56]i052: Condition 'not InstallAllUsers and Include_lib and not LauncherOnly' evaluates to true.
[1C40:0F40][2025-11-18T00:16:56]i000: Setting string variable 'WixBundleRollbackLog_lib_JustForMe' to value 'C:\Users\admin\AppData\Local\Temp\Python 3.13.9 (64-bit)_20251118001652_003_lib_JustForMe_rollback.log'
[1C40:0F40][2025-11-18T00:16:56]i000: Setting string variable 'WixBundleLog_lib_JustForMe' to value 'C:\Users\admin\AppData\Local\Temp\Python 3.13.9 (64-bit)_20251118001652_003_lib_JustForMe.log'
[1C40:0F40][2025-11-18T00:16:56]i052: Condition 'not InstallAllUsers and Include_lib and Include_symbols and not LauncherOnly' evaluates to false.
[1C40:0F40][2025-11-18T00:16:56]i052: Condition 'not InstallAllUsers and Include_lib and Include_symbols and not LauncherOnly' evaluates to false.
[1C40:0F40][2025-11-18T00:16:56]i052: Condition 'not InstallAllUsers and Include_lib and Include_debug and not LauncherOnly' evaluates to false.
[1C40:0F40][2025-11-18T00:16:56]i052: Condition 'not InstallAllUsers and Include_lib and Include_debug and not LauncherOnly' evaluates to false.
[1C40:0F40][2025-11-18T00:16:56]i052: Condition 'InstallAllUsers and (Include_freethreaded) and not LauncherOnly' evaluates to false.
[1C40:0F40][2025-11-18T00:16:56]i052: Condition 'InstallAllUsers and (Include_freethreaded) and not LauncherOnly' evaluates to false.
[1C40:0F40][2025-11-18T00:16:56]w322: Skipping cross-scope dependency registration on package: freethreaded_AllUsers, bundle scope: PerUser, package scope: PerMachine
[1C40:0F40][2025-11-18T00:16:56]i052: Condition 'InstallAllUsers and (Include_freethreaded) and Include_symbols and not LauncherOnly' evaluates to false.
[1C40:0F40][2025-11-18T00:16:56]i052: Condition 'InstallAllUsers and (Include_freethreaded) and Include_symbols and not LauncherOnly' evaluates to false.
[1C40:0F40][2025-11-18T00:16:56]w322: Skipping cross-scope dependency registration on package: freethreaded_AllUsers_pdb, bundle scope: PerUser, package scope: PerMachine
[1C40:0F40][2025-11-18T00:16:56]i052: Condition 'InstallAllUsers and (Include_freethreaded) and Include_debug and not LauncherOnly' evaluates to false.
[1C40:0F40][2025-11-18T00:16:56]i052: Condition 'InstallAllUsers and (Include_freethreaded) and Include_debug and not LauncherOnly' evaluates to false.
[1C40:0F40][2025-11-18T00:16:56]w322: Skipping cross-scope dependency registration on package: freethreaded_AllUsers_d, bundle scope: PerUser, package scope: PerMachine
[1C40:0F40][2025-11-18T00:16:56]i052: Condition 'not InstallAllUsers and (Include_freethreaded) and not LauncherOnly' evaluates to false.
[1C40:0F40][2025-11-18T00:16:56]i052: Condition 'not InstallAllUsers and (Include_freethreaded) and not LauncherOnly' evaluates to false.
[1C40:0F40][2025-11-18T00:16:56]i052: Condition 'not InstallAllUsers and (Include_freethreaded) and Include_symbols and not LauncherOnly' evaluates to false.
[1C40:0F40][2025-11-18T00:16:56]i052: Condition 'not InstallAllUsers and (Include_freethreaded) and Include_symbols and not LauncherOnly' evaluates to false.
[1C40:0F40][2025-11-18T00:16:56]i052: Condition 'not InstallAllUsers and (Include_freethreaded) and Include_debug and not LauncherOnly' evaluates to false.
[1C40:0F40][2025-11-18T00:16:56]i052: Condition 'not InstallAllUsers and (Include_freethreaded) and Include_debug and not LauncherOnly' evaluates to false.
[1C40:0F40][2025-11-18T00:16:56]i052: Condition 'InstallAllUsers and Include_test and not LauncherOnly' evaluates to false.
[1C40:0F40][2025-11-18T00:16:56]i052: Condition 'InstallAllUsers and Include_test and not LauncherOnly' evaluates to false.
[1C40:0F40][2025-11-18T00:16:56]w322: Skipping cross-scope dependency registration on package: test_AllUsers, bundle scope: PerUser, package scope: PerMachine
[1C40:0F40][2025-11-18T00:16:56]i052: Condition 'InstallAllUsers and Include_test and Include_symbols and not LauncherOnly' evaluates to false.
[1C40:0F40][2025-11-18T00:16:56]i052: Condition 'InstallAllUsers and Include_test and Include_symbols and not LauncherOnly' evaluates to false.
[1C40:0F40][2025-11-18T00:16:56]w322: Skipping cross-scope dependency registration on package: test_AllUsers_pdb, bundle scope: PerUser, package scope: PerMachine
[1C40:0F40][2025-11-18T00:16:56]i052: Condition 'InstallAllUsers and Include_test and Include_debug and not LauncherOnly' evaluates to false.
[1C40:0F40][2025-11-18T00:16:56]i052: Condition 'InstallAllUsers and Include_test and Include_debug and not LauncherOnly' evaluates to false.
[1C40:0F40][2025-11-18T00:16:56]w322: Skipping cross-scope dependency registration on package: test_AllUsers_d, bundle scope: PerUser, package scope: PerMachine
[1C40:0F40][2025-11-18T00:16:56]i052: Condition 'not InstallAllUsers and Include_test and not LauncherOnly' evaluates to true.
[1C40:0F40][2025-11-18T00:16:56]i052: Condition 'not InstallAllUsers and Include_test and not LauncherOnly' evaluates to true.
[1C40:0F40][2025-11-18T00:16:56]i000: Setting string variable 'WixBundleRollbackLog_test_JustForMe' to value 'C:\Users\admin\AppData\Local\Temp\Python 3.13.9 (64-bit)_20251118001652_004_test_JustForMe_rollback.log'
[1C40:0F40][2025-11-18T00:16:56]i000: Setting string variable 'WixBundleLog_test_JustForMe' to value 'C:\Users\admin\AppData\Local\Temp\Python 3.13.9 (64-bit)_20251118001652_004_test_JustForMe.log'
[1C40:0F40][2025-11-18T00:16:56]i052: Condition 'not InstallAllUsers and Include_test and Include_symbols and not LauncherOnly' evaluates to false.
[1C40:0F40][2025-11-18T00:16:56]i052: Condition 'not InstallAllUsers and Include_test and Include_symbols and not LauncherOnly' evaluates to false.
[1C40:0F40][2025-11-18T00:16:56]i052: Condition 'not InstallAllUsers and Include_test and Include_debug and not LauncherOnly' evaluates to false.
[1C40:0F40][2025-11-18T00:16:56]i052: Condition 'not InstallAllUsers and Include_test and Include_debug and not LauncherOnly' evaluates to false.
[1C40:0F40][2025-11-18T00:16:56]i052: Condition 'InstallAllUsers and Include_doc and not LauncherOnly' evaluates to false.
[1C40:0F40][2025-11-18T00:16:56]i052: Condition 'InstallAllUsers and Include_doc and not LauncherOnly' evaluates to false.
[1C40:0F40][2025-11-18T00:16:56]i204: Plan 2 msi features for package: doc_AllUsers
[1C40:0F40][2025-11-18T00:16:56]i203: Planned feature: DefaultFeature, state: Absent, default requested: Unknown, ba requested: Local, execute action: AddLocal, rollback action: Remove
[1C40:0F40][2025-11-18T00:16:56]i203: Planned feature: Shortcuts, state: Absent, default requested: Unknown, ba requested: Local, execute action: AddLocal, rollback action: Remove
[1C40:0F40][2025-11-18T00:16:56]w322: Skipping cross-scope dependency registration on package: doc_AllUsers, bundle scope: PerUser, package scope: PerMachine
[1C40:0F40][2025-11-18T00:16:56]i052: Condition 'not InstallAllUsers and Include_doc and not LauncherOnly' evaluates to true.
[1C40:0F40][2025-11-18T00:16:56]i052: Condition 'not InstallAllUsers and Include_doc and not LauncherOnly' evaluates to true.
[1C40:0F40][2025-11-18T00:16:56]i204: Plan 2 msi features for package: doc_JustForMe
[1C40:0F40][2025-11-18T00:16:56]i203: Planned feature: DefaultFeature, state: Absent, default requested: Unknown, ba requested: Local, execute action: AddLocal, rollback action: Remove
[1C40:0F40][2025-11-18T00:16:56]i203: Planned feature: Shortcuts, state: Absent, default requested: Unknown, ba requested: Local, execute action: AddLocal, rollback action: Remove
[1C40:0F40][2025-11-18T00:16:56]i000: Setting string variable 'WixBundleRollbackLog_doc_JustForMe' to value 'C:\Users\admin\AppData\Local\Temp\Python 3.13.9 (64-bit)_20251118001652_005_doc_JustForMe_rollback.log'
[1C40:0F40][2025-11-18T00:16:56]i000: Setting string variable 'WixBundleLog_doc_JustForMe' to value 'C:\Users\admin\AppData\Local\Temp\Python 3.13.9 (64-bit)_20251118001652_005_doc_JustForMe.log'
[1C40:0F40][2025-11-18T00:16:56]i052: Condition 'InstallAllUsers and Include_tcltk and not LauncherOnly' evaluates to false.
[1C40:0F40][2025-11-18T00:16:56]i052: Condition 'InstallAllUsers and Include_tcltk and not LauncherOnly' evaluates to false.
[1C40:0F40][2025-11-18T00:16:56]i204: Plan 3 msi features for package: tcltk_AllUsers
[1C40:0F40][2025-11-18T00:16:56]i203: Planned feature: DefaultFeature, state: Absent, default requested: Unknown, ba requested: Local, execute action: AddLocal, rollback action: Remove
[1C40:0F40][2025-11-18T00:16:56]i203: Planned feature: AssociateFiles, state: Absent, default requested: Unknown, ba requested: Local, execute action: AddLocal, rollback action: Remove
[1C40:0F40][2025-11-18T00:16:56]i203: Planned feature: Shortcuts, state: Absent, default requested: Unknown, ba requested: Local, execute action: AddLocal, rollback action: Remove
[1C40:0F40][2025-11-18T00:16:56]w322: Skipping cross-scope dependency registration on package: tcltk_AllUsers, bundle scope: PerUser, package scope: PerMachine
[1C40:0F40][2025-11-18T00:16:56]i052: Condition 'InstallAllUsers and Include_tcltk and Include_symbols and not LauncherOnly' evaluates to false.
[1C40:0F40][2025-11-18T00:16:56]i052: Condition 'InstallAllUsers and Include_tcltk and Include_symbols and not LauncherOnly' evaluates to false.
[1C40:0F40][2025-11-18T00:16:56]i204: Plan 1 msi features for package: tcltk_AllUsers_pdb
[1C40:0F40][2025-11-18T00:16:56]i203: Planned feature: Symbols, state: Absent, default requested: Unknown, ba requested: Local, execute action: AddLocal, rollback action: Remove
[1C40:0F40][2025-11-18T00:16:56]w322: Skipping cross-scope dependency registration on package: tcltk_AllUsers_pdb, bundle scope: PerUser, package scope: PerMachine
[1C40:0F40][2025-11-18T00:16:56]i052: Condition 'InstallAllUsers and Include_tcltk and Include_debug and not LauncherOnly' evaluates to false.
[1C40:0F40][2025-11-18T00:16:56]i052: Condition 'InstallAllUsers and Include_tcltk and Include_debug and not LauncherOnly' evaluates to false.
[1C40:0F40][2025-11-18T00:16:56]i204: Plan 1 msi features for package: tcltk_AllUsers_d
[1C40:0F40][2025-11-18T00:16:56]i203: Planned feature: DebugBinaries, state: Absent, default requested: Unknown, ba requested: Local, execute action: AddLocal, rollback action: Remove
[1C40:0F40][2025-11-18T00:16:56]w322: Skipping cross-scope dependency registration on package: tcltk_AllUsers_d, bundle scope: PerUser, package scope: PerMachine
[1C40:0F40][2025-11-18T00:16:56]i052: Condition 'not InstallAllUsers and Include_tcltk and not LauncherOnly' evaluates to true.
[1C40:0F40][2025-11-18T00:16:56]i052: Condition 'not InstallAllUsers and Include_tcltk and not LauncherOnly' evaluates to true.
[1C40:0F40][2025-11-18T00:16:56]i204: Plan 3 msi features for package: tcltk_JustForMe
[1C40:0F40][2025-11-18T00:16:56]i203: Planned feature: DefaultFeature, state: Absent, default requested: Unknown, ba requested: Local, execute action: AddLocal, rollback action: Remove
[1C40:0F40][2025-11-18T00:16:56]i203: Planned feature: AssociateFiles, state: Absent, default requested: Unknown, ba requested: Local, execute action: AddLocal, rollback action: Remove
[1C40:0F40][2025-11-18T00:16:56]i203: Planned feature: Shortcuts, state: Absent, default requested: Unknown, ba requested: Local, execute action: AddLocal, rollback action: Remove
[1C40:0F40][2025-11-18T00:16:56]i000: Setting string variable 'WixBundleRollbackLog_tcltk_JustForMe' to value 'C:\Users\admin\AppData\Local\Temp\Python 3.13.9 (64-bit)_20251118001652_006_tcltk_JustForMe_rollback.log'
[1C40:0F40][2025-11-18T00:16:56]i000: Setting string variable 'WixBundleLog_tcltk_JustForMe' to value 'C:\Users\admin\AppData\Local\Temp\Python 3.13.9 (64-bit)_20251118001652_006_tcltk_JustForMe.log'
[1C40:0F40][2025-11-18T00:16:56]i052: Condition 'not InstallAllUsers and Include_tcltk and Include_symbols and not LauncherOnly' evaluates to false.
[1C40:0F40][2025-11-18T00:16:56]i052: Condition 'not InstallAllUsers and Include_tcltk and Include_symbols and not LauncherOnly' evaluates to false.
[1C40:0F40][2025-11-18T00:16:56]i204: Plan 1 msi features for package: tcltk_JustForMe_pdb
[1C40:0F40][2025-11-18T00:16:56]i203: Planned feature: Symbols, state: Absent, default requested: Unknown, ba requested: Local, execute action: AddLocal, rollback action: Remove
[1C40:0F40][2025-11-18T00:16:56]i052: Condition 'not InstallAllUsers and Include_tcltk and Include_debug and not LauncherOnly' evaluates to false.
[1C40:0F40][2025-11-18T00:16:56]i052: Condition 'not InstallAllUsers and Include_tcltk and Include_debug and not LauncherOnly' evaluates to false.
[1C40:0F40][2025-11-18T00:16:56]i204: Plan 1 msi features for package: tcltk_JustForMe_d
[1C40:0F40][2025-11-18T00:16:56]i203: Planned feature: DebugBinaries, state: Absent, default requested: Unknown, ba requested: Local, execute action: AddLocal, rollback action: Remove
[1C40:0F40][2025-11-18T00:16:56]i052: Condition '(InstallAllUsers or InstallLauncherAllUsers) and Include_launcher and not BlockedLauncher' evaluates to true.
[1C40:0F40][2025-11-18T00:16:56]i052: Condition '(InstallAllUsers or InstallLauncherAllUsers) and Include_launcher and not BlockedLauncher' evaluates to true.
[1C40:0F40][2025-11-18T00:16:56]i204: Plan 2 msi features for package: launcher_AllUsers
[1C40:0F40][2025-11-18T00:16:56]i203: Planned feature: DefaultFeature, state: Absent, default requested: Unknown, ba requested: Local, execute action: AddLocal, rollback action: Remove
[1C40:0F40][2025-11-18T00:16:56]i203: Planned feature: AssociateFiles, state: Absent, default requested: Unknown, ba requested: Local, execute action: AddLocal, rollback action: Remove
[1C40:0F40][2025-11-18T00:16:56]w322: Skipping cross-scope dependency registration on package: launcher_AllUsers, bundle scope: PerUser, package scope: PerMachine
[1C40:0F40][2025-11-18T00:16:56]i000: Setting string variable 'WixBundleLog_launcher_AllUsers' to value 'C:\Users\admin\AppData\Local\Temp\Python 3.13.9 (64-bit)_20251118001652_007_launcher_AllUsers.log'
[1C40:0F40][2025-11-18T00:16:56]i052: Condition 'not (InstallAllUsers or InstallLauncherAllUsers) and Include_launcher and not BlockedLauncher' evaluates to false.
[1C40:0F40][2025-11-18T00:16:56]i052: Condition 'not (InstallAllUsers or InstallLauncherAllUsers) and Include_launcher and not BlockedLauncher' evaluates to false.
[1C40:0F40][2025-11-18T00:16:56]i204: Plan 2 msi features for package: launcher_JustForMe
[1C40:0F40][2025-11-18T00:16:56]i203: Planned feature: DefaultFeature, state: Absent, default requested: Unknown, ba requested: Local, execute action: AddLocal, rollback action: Remove
[1C40:0F40][2025-11-18T00:16:56]i203: Planned feature: AssociateFiles, state: Absent, default requested: Unknown, ba requested: Local, execute action: AddLocal, rollback action: Remove
[1C40:0F40][2025-11-18T00:16:56]i052: Condition 'InstallAllUsers and Include_pip and not LauncherOnly' evaluates to false.
[1C40:0F40][2025-11-18T00:16:56]i052: Condition 'InstallAllUsers and Include_pip and not LauncherOnly' evaluates to false.
[1C40:0F40][2025-11-18T00:16:56]w322: Skipping cross-scope dependency registration on package: pip_AllUsers, bundle scope: PerUser, package scope: PerMachine
[1C40:0F40][2025-11-18T00:16:56]i052: Condition 'not InstallAllUsers and Include_pip and not LauncherOnly' evaluates to true.
[1C40:0F40][2025-11-18T00:16:56]i052: Condition 'not InstallAllUsers and Include_pip and not LauncherOnly' evaluates to true.
[1C40:0F40][2025-11-18T00:16:56]i000: Setting string variable 'WixBundleRollbackLog_pip_JustForMe' to value 'C:\Users\admin\AppData\Local\Temp\Python 3.13.9 (64-bit)_20251118001652_008_pip_JustForMe_rollback.log'
[1C40:0F40][2025-11-18T00:16:56]i000: Setting string variable 'WixBundleLog_pip_JustForMe' to value 'C:\Users\admin\AppData\Local\Temp\Python 3.13.9 (64-bit)_20251118001652_008_pip_JustForMe.log'
[1C40:0F40][2025-11-18T00:16:56]i052: Condition 'InstallAllUsers and PrependPath and not LauncherOnly' evaluates to false.
[1C40:0F40][2025-11-18T00:16:56]i052: Condition 'InstallAllUsers and PrependPath and not LauncherOnly' evaluates to false.
[1C40:0F40][2025-11-18T00:16:56]w322: Skipping cross-scope dependency registration on package: path_AllUsers, bundle scope: PerUser, package scope: PerMachine
[1C40:0F40][2025-11-18T00:16:56]i052: Condition 'not InstallAllUsers and PrependPath and not LauncherOnly' evaluates to true.
[1C40:0F40][2025-11-18T00:16:56]i052: Condition 'not InstallAllUsers and PrependPath and not LauncherOnly' evaluates to true.
[1C40:0F40][2025-11-18T00:16:56]i000: Setting string variable 'WixBundleRollbackLog_path_JustForMe' to value 'C:\Users\admin\AppData\Local\Temp\Python 3.13.9 (64-bit)_20251118001652_009_path_JustForMe_rollback.log'
[1C40:0F40][2025-11-18T00:16:56]i000: Setting string variable 'WixBundleLog_path_JustForMe' to value 'C:\Users\admin\AppData\Local\Temp\Python 3.13.9 (64-bit)_20251118001652_009_path_JustForMe.log'
[1C40:0F40][2025-11-18T00:16:56]i052: Condition 'InstallAllUsers and AppendPath and not LauncherOnly' evaluates to false.
[1C40:0F40][2025-11-18T00:16:56]i052: Condition 'InstallAllUsers and AppendPath and not LauncherOnly' evaluates to false.
[1C40:0F40][2025-11-18T00:16:56]w322: Skipping cross-scope dependency registration on package: appendpath_AllUsers, bundle scope: PerUser, package scope: PerMachine
[1C40:0F40][2025-11-18T00:16:56]i052: Condition 'not InstallAllUsers and AppendPath and not LauncherOnly' evaluates to false.
[1C40:0F40][2025-11-18T00:16:56]i052: Condition 'not InstallAllUsers and AppendPath and not LauncherOnly' evaluates to false.
[1C40:0F40][2025-11-18T00:16:56]i052: Condition 'InstallAllUsers and CompileAll and not LauncherOnly' evaluates to false.
[1C40:0F40][2025-11-18T00:16:56]i052: Condition 'InstallAllUsers and CompileAll and not LauncherOnly' evaluates to false.
[1C40:0F40][2025-11-18T00:16:56]w321: Skipping dependency registration on package with no dependency providers: compileall_AllUsers
[1C40:0F40][2025-11-18T00:16:56]i052: Condition 'InstallAllUsers and CompileAll and not LauncherOnly' evaluates to false.
[1C40:0F40][2025-11-18T00:16:56]i052: Condition 'InstallAllUsers and CompileAll and not LauncherOnly' evaluates to false.
[1C40:0F40][2025-11-18T00:16:56]w321: Skipping dependency registration on package with no dependency providers: compileallO_AllUsers
[1C40:0F40][2025-11-18T00:16:56]i052: Condition 'InstallAllUsers and CompileAll and not LauncherOnly' evaluates to false.
[1C40:0F40][2025-11-18T00:16:56]i052: Condition 'InstallAllUsers and CompileAll and not LauncherOnly' evaluates to false.
[1C40:0F40][2025-11-18T00:16:56]w321: Skipping dependency registration on package with no dependency providers: compileallOO_AllUsers
[1C40:0F40][2025-11-18T00:16:56]i052: Condition 'not InstallAllUsers and CompileAll and not LauncherOnly' evaluates to false.
[1C40:0F40][2025-11-18T00:16:56]i052: Condition 'not InstallAllUsers and CompileAll and not LauncherOnly' evaluates to false.
[1C40:0F40][2025-11-18T00:16:56]w321: Skipping dependency registration on package with no dependency providers: compileall_JustForMe
[1C40:0F40][2025-11-18T00:16:56]i052: Condition 'not InstallAllUsers and CompileAll and not LauncherOnly' evaluates to false.
[1C40:0F40][2025-11-18T00:16:56]i052: Condition 'not InstallAllUsers and CompileAll and not LauncherOnly' evaluates to false.
[1C40:0F40][2025-11-18T00:16:56]w321: Skipping dependency registration on package with no dependency providers: compileallO_JustForMe
[1C40:0F40][2025-11-18T00:16:56]i052: Condition 'not InstallAllUsers and CompileAll and not LauncherOnly' evaluates to false.
[1C40:0F40][2025-11-18T00:16:56]i052: Condition 'not InstallAllUsers and CompileAll and not LauncherOnly' evaluates to false.
[1C40:0F40][2025-11-18T00:16:56]w321: Skipping dependency registration on package with no dependency providers: compileallOO_JustForMe
[1C40:0F40][2025-11-18T00:16:56]i201: Planned package: core_AllUsers, state: Absent, default requested: Absent, ba requested: Absent, execute: None, rollback: None, cache: No, uncache: No, dependency: None
[1C40:0F40][2025-11-18T00:16:56]i201: Planned package: core_AllUsers_pdb, state: Absent, default requested: Absent, ba requested: Absent, execute: None, rollback: None, cache: No, uncache: No, dependency: None
[1C40:0F40][2025-11-18T00:16:56]i201: Planned package: core_AllUsers_d, state: Absent, default requested: Absent, ba requested: Absent, execute: None, rollback: None, cache: No, uncache: No, dependency: None
[1C40:0F40][2025-11-18T00:16:56]i201: Planned package: core_JustForMe, state: Absent, default requested: Present, ba requested: Present, execute: Install, rollback: Uninstall, cache: Yes, uncache: No, dependency: Register
[1C40:0F40][2025-11-18T00:16:56]i201: Planned package: core_JustForMe_pdb, state: Absent, default requested: Absent, ba requested: Absent, execute: None, rollback: None, cache: No, uncache: No, dependency: None
[1C40:0F40][2025-11-18T00:16:56]i201: Planned package: core_JustForMe_d, state: Absent, default requested: Absent, ba requested: Absent, execute: None, rollback: None, cache: No, uncache: No, dependency: None
[1C40:0F40][2025-11-18T00:16:56]i201: Planned package: exe_AllUsers, state: Absent, default requested: Absent, ba requested: Absent, execute: None, rollback: None, cache: No, uncache: No, dependency: None
[1C40:0F40][2025-11-18T00:16:56]i201: Planned package: exe_AllUsers_pdb, state: Absent, default requested: Absent, ba requested: Absent, execute: None, rollback: None, cache: No, uncache: No, dependency: None
[1C40:0F40][2025-11-18T00:16:56]i201: Planned package: exe_AllUsers_d, state: Absent, default requested: Absent, ba requested: Absent, execute: None, rollback: None, cache: No, uncache: No, dependency: None
[1C40:0F40][2025-11-18T00:16:56]i201: Planned package: exe_JustForMe, state: Absent, default requested: Present, ba requested: Present, execute: Install, rollback: Uninstall, cache: Yes, uncache: No, dependency: Register
[1C40:0F40][2025-11-18T00:16:56]i201: Planned package: exe_JustForMe_pdb, state: Absent, default requested: Absent, ba requested: Absent, execute: None, rollback: None, cache: No, uncache: No, dependency: None
[1C40:0F40][2025-11-18T00:16:56]i201: Planned package: exe_JustForMe_d, state: Absent, default requested: Absent, ba requested: Absent, execute: None, rollback: None, cache: No, uncache: No, dependency: None
[1C40:0F40][2025-11-18T00:16:56]i201: Planned package: ucrt_AllUsers, state: Absent, default requested: Absent, ba requested: Absent, execute: None, rollback: None, cache: No, uncache: No, dependency: None
[1C40:0F40][2025-11-18T00:16:56]i201: Planned package: ucrt_JustForMe, state: Absent, default requested: Absent, ba requested: Absent, execute: None, rollback: None, cache: No, uncache: No, dependency: None
[1C40:0F40][2025-11-18T00:16:56]i201: Planned package: dev_AllUsers, state: Absent, default requested: Absent, ba requested: Absent, execute: None, rollback: None, cache: No, uncache: No, dependency: None
[1C40:0F40][2025-11-18T00:16:56]i201: Planned package: dev_AllUsers_d, state: Absent, default requested: Absent, ba requested: Absent, execute: None, rollback: None, cache: No, uncache: No, dependency: None
[1C40:0F40][2025-11-18T00:16:56]i201: Planned package: dev_JustForMe, state: Absent, default requested: Present, ba requested: Present, execute: Install, rollback: Uninstall, cache: Yes, uncache: No, dependency: Register
[1C40:0F40][2025-11-18T00:16:56]i201: Planned package: dev_JustForMe_d, state: Absent, default requested: Absent, ba requested: Absent, execute: None, rollback: None, cache: No, uncache: No, dependency: None
[1C40:0F40][2025-11-18T00:16:56]i201: Planned package: lib_AllUsers, state: Absent, default requested: Absent, ba requested: Absent, execute: None, rollback: None, cache: No, uncache: No, dependency: None
[1C40:0F40][2025-11-18T00:16:56]i201: Planned package: lib_AllUsers_pdb, state: Absent, default requested: Absent, ba requested: Absent, execute: None, rollback: None, cache: No, uncache: No, dependency: None
[1C40:0F40][2025-11-18T00:16:56]i201: Planned package: lib_AllUsers_d, state: Absent, default requested: Absent, ba requested: Absent, execute: None, rollback: None, cache: No, uncache: No, dependency: None
[1C40:0F40][2025-11-18T00:16:56]i201: Planned package: lib_JustForMe, state: Absent, default requested: Present, ba requested: Present, execute: Install, rollback: Uninstall, cache: Yes, uncache: No, dependency: Register
[1C40:0F40][2025-11-18T00:16:56]i201: Planned package: lib_JustForMe_pdb, state: Absent, default requested: Absent, ba requested: Absent, execute: None, rollback: None, cache: No, uncache: No, dependency: None
[1C40:0F40][2025-11-18T00:16:56]i201: Planned package: lib_JustForMe_d, state: Absent, default requested: Absent, ba requested: Absent, execute: None, rollback: None, cache: No, uncache: No, dependency: None
[1C40:0F40][2025-11-18T00:16:56]i201: Planned package: freethreaded_AllUsers, state: Absent, default requested: Absent, ba requested: Absent, execute: None, rollback: None, cache: No, uncache: No, dependency: None
[1C40:0F40][2025-11-18T00:16:56]i201: Planned package: freethreaded_AllUsers_pdb, state: Absent, default requested: Absent, ba requested: Absent, execute: None, rollback: None, cache: No, uncache: No, dependency: None
[1C40:0F40][2025-11-18T00:16:56]i201: Planned package: freethreaded_AllUsers_d, state: Absent, default requested: Absent, ba requested: Absent, execute: None, rollback: None, cache: No, uncache: No, dependency: None
[1C40:0F40][2025-11-18T00:16:56]i201: Planned package: freethreaded_JustForMe, state: Absent, default requested: Absent, ba requested: Absent, execute: None, rollback: None, cache: No, uncache: No, dependency: None
[1C40:0F40][2025-11-18T00:16:56]i201: Planned package: freethreaded_JustForMe_pdb, state: Absent, default requested: Absent, ba requested: Absent, execute: None, rollback: None, cache: No, uncache: No, dependency: None
[1C40:0F40][2025-11-18T00:16:56]i201: Planned package: freethreaded_JustForMe_d, state: Absent, default requested: Absent, ba requested: Absent, execute: None, rollback: None, cache: No, uncache: No, dependency: None
[1C40:0F40][2025-11-18T00:16:56]i201: Planned package: test_AllUsers, state: Absent, default requested: Absent, ba requested: Absent, execute: None, rollback: None, cache: No, uncache: No, dependency: None
[1C40:0F40][2025-11-18T00:16:56]i201: Planned package: test_AllUsers_pdb, state: Absent, default requested: Absent, ba requested: Absent, execute: None, rollback: None, cache: No, uncache: No, dependency: None
[1C40:0F40][2025-11-18T00:16:56]i201: Planned package: test_AllUsers_d, state: Absent, default requested: Absent, ba requested: Absent, execute: None, rollback: None, cache: No, uncache: No, dependency: None
[1C40:0F40][2025-11-18T00:16:56]i201: Planned package: test_JustForMe, state: Absent, default requested: Present, ba requested: Present, execute: Install, rollback: Uninstall, cache: Yes, uncache: No, dependency: Register
[1C40:0F40][2025-11-18T00:16:56]i201: Planned package: test_JustForMe_pdb, state: Absent, default requested: Absent, ba requested: Absent, execute: None, rollback: None, cache: No, uncache: No, dependency: None
[1C40:0F40][2025-11-18T00:16:56]i201: Planned package: test_JustForMe_d, state: Absent, default requested: Absent, ba requested: Absent, execute: None, rollback: None, cache: No, uncache: No, dependency: None
[1C40:0F40][2025-11-18T00:16:56]i201: Planned package: doc_AllUsers, state: Absent, default requested: Absent, ba requested: Absent, execute: None, rollback: None, cache: No, uncache: No, dependency: None
[1C40:0F40][2025-11-18T00:16:56]i201: Planned package: doc_JustForMe, state: Absent, default requested: Present, ba requested: Present, execute: Install, rollback: Uninstall, cache: Yes, uncache: No, dependency: Register
[1C40:0F40][2025-11-18T00:16:56]i201: Planned package: tcltk_AllUsers, state: Absent, default requested: Absent, ba requested: Absent, execute: None, rollback: None, cache: No, uncache: No, dependency: None
[1C40:0F40][2025-11-18T00:16:56]i201: Planned package: tcltk_AllUsers_pdb, state: Absent, default requested: Absent, ba requested: Absent, execute: None, rollback: None, cache: No, uncache: No, dependency: None
[1C40:0F40][2025-11-18T00:16:56]i201: Planned package: tcltk_AllUsers_d, state: Absent, default requested: Absent, ba requested: Absent, execute: None, rollback: None, cache: No, uncache: No, dependency: None
[1C40:0F40][2025-11-18T00:16:56]i201: Planned package: tcltk_JustForMe, state: Absent, default requested: Present, ba requested: Present, execute: Install, rollback: Uninstall, cache: No, uncache: No, dependency: Register
[1C40:0F40][2025-11-18T00:16:56]i201: Planned package: tcltk_JustForMe_pdb, state: Absent, default requested: Absent, ba requested: Absent, execute: None, rollback: None, cache: No, uncache: No, dependency: None
[1C40:0F40][2025-11-18T00:16:56]i201: Planned package: tcltk_JustForMe_d, state: Absent, default requested: Absent, ba requested: Absent, execute: None, rollback: None, cache: No, uncache: No, dependency: None
[1C40:0F40][2025-11-18T00:16:56]i201: Planned package: launcher_AllUsers, state: Absent, default requested: Present, ba requested: Present, execute: Install, rollback: None, cache: No, uncache: No, dependency: None
[1C40:0F40][2025-11-18T00:16:56]i201: Planned package: launcher_JustForMe, state: Absent, default requested: Absent, ba requested: Absent, execute: None, rollback: None, cache: No, uncache: Yes, dependency: None
[1C40:0F40][2025-11-18T00:16:56]i201: Planned package: pip_AllUsers, state: Absent, default requested: Absent, ba requested: Absent, execute: None, rollback: None, cache: No, uncache: No, dependency: None
[1C40:0F40][2025-11-18T00:16:56]i201: Planned package: pip_JustForMe, state: Absent, default requested: Present, ba requested: Present, execute: Install, rollback: Uninstall, cache: No, uncache: No, dependency: Register
[1C40:0F40][2025-11-18T00:16:56]i201: Planned package: path_AllUsers, state: Absent, default requested: Absent, ba requested: Absent, execute: None, rollback: None, cache: No, uncache: No, dependency: None
[1C40:0F40][2025-11-18T00:16:56]i201: Planned package: path_JustForMe, state: Absent, default requested: Present, ba requested: Present, execute: Install, rollback: Uninstall, cache: No, uncache: No, dependency: Register
[1C40:0F40][2025-11-18T00:16:56]i201: Planned package: appendpath_AllUsers, state: Absent, default requested: Absent, ba requested: Absent, execute: None, rollback: None, cache: No, uncache: No, dependency: None
[1C40:0F40][2025-11-18T00:16:56]i201: Planned package: appendpath_JustForMe, state: Absent, default requested: Absent, ba requested: Absent, execute: None, rollback: None, cache: No, uncache: No, dependency: None
[1C40:0F40][2025-11-18T00:16:56]i201: Planned package: compileall_AllUsers, state: Absent, default requested: Absent, ba requested: Absent, execute: None, rollback: None, cache: No, uncache: No, dependency: None
[1C40:0F40][2025-11-18T00:16:56]i201: Planned package: compileallO_AllUsers, state: Absent, default requested: Absent, ba requested: Absent, execute: None, rollback: None, cache: No, uncache: No, dependency: None
[1C40:0F40][2025-11-18T00:16:56]i201: Planned package: compileallOO_AllUsers, state: Absent, default requested: Absent, ba requested: Absent, execute: None, rollback: None, cache: No, uncache: No, dependency: None
[1C40:0F40][2025-11-18T00:16:56]i201: Planned package: compileall_JustForMe, state: Absent, default requested: Absent, ba requested: Absent, execute: None, rollback: None, cache: No, uncache: No, dependency: None
[1C40:0F40][2025-11-18T00:16:56]i201: Planned package: compileallO_JustForMe, state: Absent, default requested: Absent, ba requested: Absent, execute: None, rollback: None, cache: No, uncache: No, dependency: None
[1C40:0F40][2025-11-18T00:16:56]i201: Planned package: compileallOO_JustForMe, state: Absent, default requested: Absent, ba requested: Absent, execute: None, rollback: None, cache: No, uncache: No, dependency: None
[1C40:0F40][2025-11-18T00:16:56]i299: Plan complete, result: 0x0
[1C40:0F40][2025-11-18T00:16:56]i300: Apply begin
[1C40:0F40][2025-11-18T00:16:56]i010: Launching elevated engine process.
[1C40:0F40][2025-11-18T00:16:59]i011: Launched elevated engine process.
[1C40:0F40][2025-11-18T00:16:59]i012: Connected to elevated engine.
[0214:015C][2025-11-18T00:16:59]i358: Pausing automatic updates.
[0214:015C][2025-11-18T00:16:59]i359: Paused automatic updates.
[0214:015C][2025-11-18T00:16:59]i360: Creating a system restore point.
[0214:015C][2025-11-18T00:16:59]i362: System restore disabled, system restore point not created.
[1C40:0F40][2025-11-18T00:16:59]i370: Session begin, registration key: SOFTWARE\Microsoft\Windows\CurrentVersion\Uninstall\{16ec0516-4c73-4acc-8d86-d1aaf6460f21}, options: 0x7, disable resume: No
[1C40:0F40][2025-11-18T00:16:59]i000: Caching bundle from: 'C:\Users\admin\AppData\Local\Temp\2\{FA5A1423-8FA6-4689-8C5D-7B5AD378983F}\.be\python-3.13.9-amd64.exe' to: 'C:\Users\admin\AppData\Local\Package Cache\{16ec0516-4c73-4acc-8d86-d1aaf6460f21}\python-3.13.9-amd64.exe'
[1C40:0F40][2025-11-18T00:16:59]i320: Registering bundle dependency provider: CPython-3.13, version: 3.13.9150.0
[1C40:0F40][2025-11-18T00:16:59]i371: Updating session, registration key: SOFTWARE\Microsoft\Windows\CurrentVersion\Uninstall\{16ec0516-4c73-4acc-8d86-d1aaf6460f21}, resume: Active, restart initiated: No, disable resume: No
[1C40:171C][2025-11-18T00:16:59]i305: Verified acquired payload: core_JustForMe at path: C:\Users\admin\AppData\Local\Package Cache\.unverified\core_JustForMe, moving to: C:\Users\admin\AppData\Local\Package Cache\{34E4C3B0-353E-4E04-88B1-EF41B1219C86}v3.13.9150.0\core.msi.
[1C40:0F40][2025-11-18T00:16:59]i323: Registering package dependency provider: {34E4C3B0-353E-4E04-88B1-EF41B1219C86}, version: 3.13.9150.0, package: core_JustForMe
[1C40:0F40][2025-11-18T00:16:59]i301: Applying execute package: core_JustForMe, action: Install, path: C:\Users\admin\AppData\Local\Package Cache\{34E4C3B0-353E-4E04-88B1-EF41B1219C86}v3.13.9150.0\core.msi, arguments: ' ARPSYSTEMCOMPONENT="1" MSIFASTINSTALL="7" TARGETDIR="C:\Users\admin\AppData\Local\Programs\Python\Python313" OPTIONALFEATURESREGISTRYKEY="Software\Python\PythonCore\3.13\InstalledFeatures"'
[1C40:171C][2025-11-18T00:16:59]i305: Verified acquired payload: exe_JustForMe at path: C:\Users\admin\AppData\Local\Package Cache\.unverified\exe_JustForMe, moving to: C:\Users\admin\AppData\Local\Package Cache\{02D1A932-310B-4765-8F92-58D0DA2ABBE7}v3.13.9150.0\exe.msi.
[1C40:171C][2025-11-18T00:16:59]i305: Verified acquired payload: dev_JustForMe at path: C:\Users\admin\AppData\Local\Package Cache\.unverified\dev_JustForMe, moving to: C:\Users\admin\AppData\Local\Package Cache\{FDDDD3FF-9238-4BD0-A2C0-765AF7E364D3}v3.13.9150.0\dev.msi.
[1C40:171C][2025-11-18T00:17:00]i305: Verified acquired payload: lib_JustForMe at path: C:\Users\admin\AppData\Local\Package Cache\.unverified\lib_JustForMe, moving to: C:\Users\admin\AppData\Local\Package Cache\{8CBDB05C-2162-4CBB-AECB-F3C9BFD9D849}v3.13.9150.0\lib.msi.
[1C40:171C][2025-11-18T00:17:00]i305: Verified acquired payload: test_JustForMe at path: C:\Users\admin\AppData\Local\Package Cache\.unverified\test_JustForMe, moving to: C:\Users\admin\AppData\Local\Package Cache\{0F01F96E-3695-419B-8F5D-583AAF38417E}v3.13.9150.0\test.msi.
[1C40:171C][2025-11-18T00:17:00]i305: Verified acquired payload: doc_JustForMe at path: C:\Users\admin\AppData\Local\Package Cache\.unverified\doc_JustForMe, moving to: C:\Users\admin\AppData\Local\Package Cache\{448BA3AF-478C-46B8-A55F-888885E0C79F}v3.13.9150.0\doc.msi.
[1C40:171C][2025-11-18T00:17:00]i304: Verified existing payload: tcltk_JustForMe at path: C:\Users\admin\AppData\Local\Package Cache\{85983D54-E692-4397-8263-7B2EE696AD19}v3.13.9150.0\tcltk.msi.
[1C40:0F40][2025-11-18T00:17:00]e000: Error 0x80070659: Failed to install MSI package.
[1C40:0F40][2025-11-18T00:17:00]e000: Error 0x80070659: Failed to configure per-user MSI package.
[1C40:0F40][2025-11-18T00:17:00]i319: Applied execute package: core_JustForMe, result: 0x80070659, restart: None
[1C40:0F40][2025-11-18T00:17:00]e000: Error 0x80070659: Failed to execute MSI package.
[1C40:0F40][2025-11-18T00:17:00]i318: Skipped rollback of package: core_JustForMe, action: Uninstall, already: Absent
[1C40:0F40][2025-11-18T00:17:00]i319: Applied rollback package: core_JustForMe, result: 0x0, restart: None
[1C40:0F40][2025-11-18T00:17:00]i329: Removed package dependency provider: {34E4C3B0-353E-4E04-88B1-EF41B1219C86}, package: core_JustForMe
[1C40:0F40][2025-11-18T00:17:00]i351: Removing cached package: core_JustForMe, from path: C:\Users\admin\AppData\Local\Package Cache\{34E4C3B0-353E-4E04-88B1-EF41B1219C86}v3.13.9150.0\
[0214:1B18][2025-11-18T00:17:00]i304: Verified existing payload: launcher_AllUsers at path: C:\ProgramData\Package Cache\{AF96FA1B-8F24-4D71-97C1-217906F87665}v3.13.9150.0\launcher.msi.
[1C40:171C][2025-11-18T00:17:00]e000: Error 0x80070642: BA aborted verify of payload: launcher_AllUsers
[1C40:171C][2025-11-18T00:17:00]e314: Failed to cache payload: launcher_AllUsers from working path: C:\Users\admin\AppData\Local\Temp\2\{FA5A1423-8FA6-4689-8C5D-7B5AD378983F}\launcher_AllUsers, error: 0x80070642.
[1C40:0F40][2025-11-18T00:17:00]i372: Session end, registration key: SOFTWARE\Microsoft\Windows\CurrentVersion\Uninstall\{16ec0516-4c73-4acc-8d86-d1aaf6460f21}, resume: None, restart: None, disable resume: No
[1C40:0F40][2025-11-18T00:17:00]i330: Removed bundle dependency provider: CPython-3.13
[1C40:0F40][2025-11-18T00:17:00]i352: Removing cached bundle: {16ec0516-4c73-4acc-8d86-d1aaf6460f21}, from path: C:\Users\admin\AppData\Local\Package Cache\{16ec0516-4c73-4acc-8d86-d1aaf6460f21}\
[1C40:0F40][2025-11-18T00:17:00]i371: Updating session, registration key: SOFTWARE\Microsoft\Windows\CurrentVersion\Uninstall\{16ec0516-4c73-4acc-8d86-d1aaf6460f21}, resume: None, restart initiated: No, disable resume: No
[1C40:0F40][2025-11-18T00:17:00]i399: Apply complete, result: 0x80070659, restart: None, ba requested restart:  No
